<?xml version="1.0" encoding="UTF-8"?>
<!-- Generated by org.testng.reporters.JUnitReportReporter -->
<testsuite hostname="F2-E6" failures="0" tests="1" name="TestCases" time="0.006" errors="0" timestamp="2024-04-10T10:06:00 CEST" skipped="0">
  <testcase classname="TestCases" name="test1" time="0.006"/>
  <system-out/>
</testsuite> <!-- TestCases -->
